{"name": "Drag a few tiles and verify reset clears all", "status": "failed", "statusDetails": {"message": "AssertionError: Element with locator ('xpath', '//android.view.ViewGroup[@content-desc=\"drop-l1\"]/android.view.ViewGroup') not found within timeout.", "trace": "self = <pages.drag_page.DragPage object at 0x107488700>\nlocator = ('xpath', '//android.view.ViewGroup[@content-desc=\"drop-l1\"]/android.view.ViewGroup')\n\n    @allure.step(\"Finding element: {locator}\")\n    def find(self, locator):\n        \"\"\"\n        Wait for an element to be present in the DOM and return it.\n        \"\"\"\n        try:\n            self.logger.info(f\"Looking for element: {locator}\")\n>           element = self.wait.until(EC.presence_of_element_located(locator))\n\n../pages/base_page.py:32: \n_ _ _ _ _ _ _ _ _ _ _ _ _ _ _ _ _ _ _ _ _ _ _ _ _ _ _ _ _ _ _ _ _ _ _ _ _ _ _ _ \n\nself = <selenium.webdriver.support.wait.WebDriverWait (session=\"3cf1a6e5-1e5e-4b29-bb66-41d3ce2999d9\")>\nmethod = <function presence_of_element_located.<locals>._predicate at 0x107477250>\nmessage = ''\n\n    def until(self, method: Callable[[D], Union[Literal[False], T]], message: str = \"\") -> T:\n        \"\"\"Wait until the method returns a value that is not False.\n    \n        Calls the method provided with the driver as an argument until the\n        return value does not evaluate to ``False``.\n    \n        Parameters:\n        -----------\n        method: callable(WebDriver)\n            - A callable object that takes a WebDriver instance as an argument.\n    \n        message: str\n            - Optional message for :exc:`TimeoutException`\n    \n        Return:\n        -------\n        object: T\n            - The result of the last call to `method`\n    \n        Raises:\n        -------\n        TimeoutException\n            - If 'method' does not return a truthy value within the WebDriverWait\n            object's timeout\n    \n        Example:\n        --------\n        >>> from selenium.webdriver.common.by import By\n        >>> from selenium.webdriver.support.ui import WebDriverWait\n        >>> from selenium.webdriver.support import expected_conditions as EC\n    \n        # Wait until an element is visible on the page\n        >>> wait = WebDriverWait(driver, 10)\n        >>> element = wait.until(EC.visibility_of_element_located((By.ID, \"exampleId\")))\n        >>> print(element.text)\n        \"\"\"\n        screen = None\n        stacktrace = None\n    \n        end_time = time.monotonic() + self._timeout\n        while True:\n            try:\n                value = method(self._driver)\n                if value:\n                    return value\n            except self._ignored_exceptions as exc:\n                screen = getattr(exc, \"screen\", None)\n                stacktrace = getattr(exc, \"stacktrace\", None)\n            if time.monotonic() > end_time:\n                break\n            time.sleep(self._poll)\n>       raise TimeoutException(message, screen, stacktrace)\nE       selenium.common.exceptions.TimeoutException: Message: \nE       Stacktrace:\nE       NoSuchElementError: An element could not be located on the page using the given search parameters.\nE           at AndroidUiautomator2Driver.helpers.findElOrEls (/usr/local/lib/node_modules/appium/node_modules/appium-android-driver/lib/commands/find.js:75:11)\nE           at AndroidUiautomator2Driver.helpers.findElOrElsWithProcessing (/usr/local/lib/node_modules/appium/node_modules/appium-base-driver/lib/basedriver/commands/find.js:30:12)\nE           at AndroidUiautomator2Driver.commands.findElement (/usr/local/lib/node_modules/appium/node_modules/appium-base-driver/lib/basedriver/commands/find.js:50:10)\n\n../../../.virtualenvs/ut-test-task/lib/python3.10/site-packages/selenium/webdriver/support/wait.py:146: TimeoutException\n\nDuring handling of the above exception, another exception occurred:\n\nself = <tests.test_drag.TestDragAndDrop object at 0x107488460>\ndriver = <appium.webdriver.webdriver.WebDriver (session=\"3cf1a6e5-1e5e-4b29-bb66-41d3ce2999d9\")>\n\n    @allure.title(\"Drag a few tiles and verify reset clears all\")\n    def test_drag_and_reset(self, driver):\n        drag_page = DragPage(driver)\n        drag_page.open_tab()\n    \n        initial_drag_tiles = drag_page.get_drag_elements()\n    \n        drag_page.drag_tile_to(\"l1\", \"l1\")\n        drag_page.drag_tile_to(\"c2\", \"c2\")\n    \n>       assert drag_page.is_tile_in_drop(\"l1\")\n\ntest_drag.py:48: \n_ _ _ _ _ _ _ _ _ _ _ _ _ _ _ _ _ _ _ _ _ _ _ _ _ _ _ _ _ _ _ _ _ _ _ _ _ _ _ _ \n../pages/drag_page.py:154: in is_tile_in_drop\n    drop = self.get_drop_zone(position)\n../pages/drag_page.py:68: in get_drop_zone\n    return self.find(locator)\n_ _ _ _ _ _ _ _ _ _ _ _ _ _ _ _ _ _ _ _ _ _ _ _ _ _ _ _ _ _ _ _ _ _ _ _ _ _ _ _ \n\nself = <pages.drag_page.DragPage object at 0x107488700>\nlocator = ('xpath', '//android.view.ViewGroup[@content-desc=\"drop-l1\"]/android.view.ViewGroup')\n\n    @allure.step(\"Finding element: {locator}\")\n    def find(self, locator):\n        \"\"\"\n        Wait for an element to be present in the DOM and return it.\n        \"\"\"\n        try:\n            self.logger.info(f\"Looking for element: {locator}\")\n            element = self.wait.until(EC.presence_of_element_located(locator))\n            self.logger.info(f\"Element found: {locator}\")\n            return element\n        except TimeoutException:\n            self.logger.error(f\"Element not found within timeout: {locator}\")\n>           raise AssertionError(f\"Element with locator {locator} not found within timeout.\")\nE           AssertionError: Element with locator ('xpath', '//android.view.ViewGroup[@content-desc=\"drop-l1\"]/android.view.ViewGroup') not found within timeout.\n\n../pages/base_page.py:37: AssertionError"}, "steps": [{"name": "Opening Drag tab", "status": "passed", "steps": [{"name": "Clicking element: ('accessibility id', 'Drag')", "status": "passed", "parameters": [{"name": "locator", "value": "('accessibility id', 'Drag')"}], "start": 1744148806797, "stop": 1744148808613}], "start": 1744148806796, "stop": 1744148808613}, {"name": "Getting all draggable tile elements", "status": "passed", "steps": [{"name": "Finding multiple elements: ('xpath', '//android.view.ViewGroup[@content-desc=\"renew\"]/following-sibling::android.view.ViewGroup[starts-with(@content-desc, \"drag-\")]')", "status": "passed", "parameters": [{"name": "locator", "value": "('xpath', '//android.view.ViewGroup[@content-desc=\"renew\"]/following-sibling::android.view.ViewGroup[starts-with(@content-desc, \"drag-\")]')"}], "start": 1744148808613, "stop": 1744148809132}], "start": 1744148808613, "stop": 1744148809132}, {"name": "Dragging tile from 'l1' to 'l1'", "status": "passed", "steps": [{"name": "Getting drag tile at position: 'l1'", "status": "passed", "steps": [{"name": "Finding element: ('xpath', '//android.view.ViewGroup[@content-desc=\"drag-l1\"]/android.widget.ImageView')", "status": "passed", "parameters": [{"name": "locator", "value": "('xpath', '//android.view.ViewGroup[@content-desc=\"drag-l1\"]/android.widget.ImageView')"}], "start": 1744148809133, "stop": 1744148809665}], "parameters": [{"name": "position", "value": "'l1'"}], "start": 1744148809133, "stop": 1744148809665}, {"name": "Getting drop zone at position: 'l1'", "status": "passed", "steps": [{"name": "Finding element: ('xpath', '//android.view.ViewGroup[@content-desc=\"drop-l1\"]/android.view.ViewGroup')", "status": "passed", "parameters": [{"name": "locator", "value": "('xpath', '//android.view.ViewGroup[@content-desc=\"drop-l1\"]/android.view.ViewGroup')"}], "start": 1744148809665, "stop": 1744148810002}], "parameters": [{"name": "position", "value": "'l1'"}], "start": 1744148809665, "stop": 1744148810002}], "parameters": [{"name": "from_position", "value": "'l1'"}, {"name": "to_position", "value": "'l1'"}], "start": 1744148809132, "stop": 1744148811821}, {"name": "Dragging tile from 'c2' to 'c2'", "status": "passed", "steps": [{"name": "Getting drag tile at position: 'c2'", "status": "passed", "steps": [{"name": "Finding element: ('xpath', '//android.view.ViewGroup[@content-desc=\"drag-c2\"]/android.widget.ImageView')", "status": "passed", "parameters": [{"name": "locator", "value": "('xpath', '//android.view.ViewGroup[@content-desc=\"drag-c2\"]/android.widget.ImageView')"}], "start": 1744148811821, "stop": 1744148812662}], "parameters": [{"name": "position", "value": "'c2'"}], "start": 1744148811821, "stop": 1744148812662}, {"name": "Getting drop zone at position: 'c2'", "status": "passed", "steps": [{"name": "Finding element: ('xpath', '//android.view.ViewGroup[@content-desc=\"drop-c2\"]/android.view.ViewGroup')", "status": "passed", "parameters": [{"name": "locator", "value": "('xpath', '//android.view.ViewGroup[@content-desc=\"drop-c2\"]/android.view.ViewGroup')"}], "start": 1744148812663, "stop": 1744148812924}], "parameters": [{"name": "position", "value": "'c2'"}], "start": 1744148812663, "stop": 1744148812924}], "parameters": [{"name": "from_position", "value": "'c2'"}, {"name": "to_position", "value": "'c2'"}], "start": 1744148811821, "stop": 1744148814730}, {"name": "Checking if tile exists in drop zone 'l1'", "status": "failed", "statusDetails": {"message": "AssertionError: Element with locator ('xpath', '//android.view.ViewGroup[@content-desc=\"drop-l1\"]/android.view.ViewGroup') not found within timeout.\n", "trace": "  File \"/Users/andrii/.virtualenvs/ut-test-task/lib/python3.10/site-packages/allure_commons/_allure.py\", line 202, in impl\n    return func(*a, **kw)\n  File \"/Users/andrii/Documents/ut-test-task/pages/drag_page.py\", line 154, in is_tile_in_drop\n    drop = self.get_drop_zone(position)\n  File \"/Users/andrii/.virtualenvs/ut-test-task/lib/python3.10/site-packages/allure_commons/_allure.py\", line 202, in impl\n    return func(*a, **kw)\n  File \"/Users/andrii/Documents/ut-test-task/pages/drag_page.py\", line 68, in get_drop_zone\n    return self.find(locator)\n  File \"/Users/andrii/.virtualenvs/ut-test-task/lib/python3.10/site-packages/allure_commons/_allure.py\", line 202, in impl\n    return func(*a, **kw)\n  File \"/Users/andrii/Documents/ut-test-task/pages/base_page.py\", line 37, in find\n    raise AssertionError(f\"Element with locator {locator} not found within timeout.\")\n"}, "steps": [{"name": "Getting drop zone at position: 'l1'", "status": "failed", "statusDetails": {"message": "AssertionError: Element with locator ('xpath', '//android.view.ViewGroup[@content-desc=\"drop-l1\"]/android.view.ViewGroup') not found within timeout.\n", "trace": "  File \"/Users/andrii/.virtualenvs/ut-test-task/lib/python3.10/site-packages/allure_commons/_allure.py\", line 202, in impl\n    return func(*a, **kw)\n  File \"/Users/andrii/Documents/ut-test-task/pages/drag_page.py\", line 68, in get_drop_zone\n    return self.find(locator)\n  File \"/Users/andrii/.virtualenvs/ut-test-task/lib/python3.10/site-packages/allure_commons/_allure.py\", line 202, in impl\n    return func(*a, **kw)\n  File \"/Users/andrii/Documents/ut-test-task/pages/base_page.py\", line 37, in find\n    raise AssertionError(f\"Element with locator {locator} not found within timeout.\")\n"}, "steps": [{"name": "Finding element: ('xpath', '//android.view.ViewGroup[@content-desc=\"drop-l1\"]/android.view.ViewGroup')", "status": "failed", "statusDetails": {"message": "AssertionError: Element with locator ('xpath', '//android.view.ViewGroup[@content-desc=\"drop-l1\"]/android.view.ViewGroup') not found within timeout.\n", "trace": "  File \"/Users/andrii/.virtualenvs/ut-test-task/lib/python3.10/site-packages/allure_commons/_allure.py\", line 202, in impl\n    return func(*a, **kw)\n  File \"/Users/andrii/Documents/ut-test-task/pages/base_page.py\", line 37, in find\n    raise AssertionError(f\"Element with locator {locator} not found within timeout.\")\n"}, "parameters": [{"name": "locator", "value": "('xpath', '//android.view.ViewGroup[@content-desc=\"drop-l1\"]/android.view.ViewGroup')"}], "start": 1744148814731, "stop": 1744148825518}], "parameters": [{"name": "position", "value": "'l1'"}], "start": 1744148814731, "stop": 1744148825532}], "parameters": [{"name": "position", "value": "'l1'"}], "start": 1744148814730, "stop": 1744148825533}], "attachments": [{"name": "log", "source": "fe755a71-43ca-475b-9a2e-0cc3f443375b-attachment.txt", "type": "text/plain"}], "start": 1744148806796, "stop": 1744148825534, "uuid": "4364bca6-5129-4b8c-8106-91afac8861c9", "historyId": "0cbebbbd25f54784050a67fd574def20", "testCaseId": "0cbebbbd25f54784050a67fd574def20", "fullName": "tests.test_drag.TestDragAndDrop#test_drag_and_reset", "labels": [{"name": "tag", "value": "drag"}, {"name": "parentSuite", "value": "tests"}, {"name": "suite", "value": "test_drag"}, {"name": "subSuite", "value": "TestDragAndDrop"}, {"name": "host", "value": "Andriis-MBP"}, {"name": "thread", "value": "79816-MainThread"}, {"name": "framework", "value": "pytest"}, {"name": "language", "value": "cpython3"}, {"name": "package", "value": "tests.test_drag"}]}